<?xml version="1.0" encoding="UTF-8"?>
<!-- Generated by org.testng.reporters.JUnitReportReporter -->
<testsuite name="POM.CRMTest" tests="1" time="35.516" ignored="0" failures="0" timestamp="23 Jan 2020 17:20:05 GMT" skipped="0" hostname="PraveenN-BLD" errors="0">
  <testcase name="loginTest" time="35.516" classname="POM.CRMTest"/>
</testsuite> <!-- POM.CRMTest -->
