<?xml version="1.0" encoding="UTF-8"?>
<!-- Generated by org.testng.reporters.JUnitReportReporter -->
<testsuite name="TestNG_Package.Dependencies_OrangeHRMLive" tests="3" time="15.898" ignored="0" failures="0" timestamp="20 Jan 2020 10:54:51 GMT" skipped="0" hostname="PraveenN-BLD" errors="0">
  <testcase name="startApp" time="3.646" classname="TestNG_Package.Dependencies_OrangeHRMLive"/>
  <testcase name="logoutApp" time="9.561" classname="TestNG_Package.Dependencies_OrangeHRMLive"/>
  <testcase name="loginApp" time="2.691" classname="TestNG_Package.Dependencies_OrangeHRMLive"/>
</testsuite> <!-- TestNG_Package.Dependencies_OrangeHRMLive -->
