<?xml version="1.0" encoding="UTF-8"?>
<!-- Generated by org.testng.reporters.JUnitReportReporter -->
<testsuite name="POM_Gmail.Gmail_TestScript" tests="1" time="44.072" ignored="2" failures="0" timestamp="27 Jan 2020 09:20:04 GMT" skipped="0" hostname="PraveenN-BLD" errors="0">
  <testcase name="login_Logout" time="44.072" classname="POM_Gmail.Gmail_TestScript"/>
  <testcase name="countSentItemsLinks" classname="POM_Gmail.Gmail_TestScript">
    <skipped/>
  </testcase> <!-- countSentItemsLinks -->
  <testcase name="sendEmail" classname="POM_Gmail.Gmail_TestScript">
    <skipped/>
  </testcase> <!-- sendEmail -->
</testsuite> <!-- POM_Gmail.Gmail_TestScript -->
