<?xml version="1.0" encoding="UTF-8"?>
<!-- Generated by org.testng.reporters.JUnitReportReporter -->
<testsuite name="TestNG_Package.FirstTestNGScript" tests="4" time="0.010" ignored="1" failures="0" timestamp="09 Jan 2020 11:50:09 GMT" skipped="0" hostname="PraveenN-BLD" errors="0">
  <testcase name="method3" time="0.001" classname="TestNG_Package.FirstTestNGScript"/>
  <testcase name="method3" time="0.001" classname="TestNG_Package.FirstTestNGScript"/>
  <testcase name="method3" time="0.000" classname="TestNG_Package.FirstTestNGScript"/>
  <testcase name="method5" time="0.008" classname="TestNG_Package.FirstTestNGScript"/>
  <testcase name="method4" classname="TestNG_Package.FirstTestNGScript">
    <skipped/>
  </testcase> <!-- method4 -->
</testsuite> <!-- TestNG_Package.FirstTestNGScript -->
